[21:04:13] [main/INFO] (FabricLoader/GameProvider) Loading Minecraft 1.20.2 with Fabric Loader 0.15.3
[21:04:13] [main/INFO] (FabricLoader) Loading 46 mods:
	- carpet 1.4.121+v231011
	- carpet-tis-addition 1.54.4
	   |-- conditional-mixin 0.4.1
	   \-- mixinextras 0.3.2
	- enderpearlchunkloading 1.0.5
	- fabric-api 0.91.2+1.20.2
	- fabric-api-base 0.4.33+fce67b32a0
	- fabric-api-lookup-api-v1 1.6.42+b1792f7da0
	- fabric-biome-api-v1 13.0.14+b1792f7da0
	- fabric-block-api-v1 1.0.12+73761d2ea0
	- fabric-block-view-api-v2 1.0.1+73761d2ea0
	- fabric-command-api-v1 1.2.37+f71b366fa0
	- fabric-command-api-v2 2.2.16+b1792f7da0
	- fabric-commands-v0 0.2.54+df3654b3a0
	- fabric-containers-v0 0.1.78+df3654b3a0
	- fabric-content-registries-v0 5.0.5+b1792f7da0
	- fabric-convention-tags-v1 1.5.8+b1792f7da0
	- fabric-crash-report-info-v1 0.2.20+f4b7e424a0
	- fabric-data-generation-api-v1 13.1.8+b1792f7da0
	- fabric-dimensions-v1 2.1.57+b1792f7da0
	- fabric-entity-events-v1 1.5.26+b1792f7da0
	- fabric-events-interaction-v0 0.6.10+b1792f7da0
	- fabric-events-lifecycle-v0 0.2.69+df3654b3a0
	- fabric-game-rule-api-v1 1.0.42+a44e16a6a0
	- fabric-gametest-api-v1 1.2.16+b1792f7da0
	- fabric-item-api-v1 2.1.33+b1792f7da0
	- fabric-item-group-api-v1 4.0.15+e3d2bf3fa0
	- fabric-lifecycle-events-v1 2.2.27+b1792f7da0
	- fabric-loot-api-v2 2.1.1+3ba460fba0
	- fabric-message-api-v1 6.0.2+e3d2bf3fa0
	- fabric-mining-level-api-v1 2.1.55+f4b7e424a0
	- fabric-networking-api-v1 3.1.2+95a8ac51a0
	- fabric-object-builder-api-v1 12.1.2+2ff98d3ba0
	- fabric-particles-v1 1.1.4+f4b7e424a0
	- fabric-recipe-api-v1 2.0.11+52b3ebe5a0
	- fabric-registry-sync-v0 4.0.9+b1792f7da0
	- fabric-rendering-data-attachment-v1 0.3.39+73761d2ea0
	- fabric-rendering-fluids-v1 3.0.30+f4b7e424a0
	- fabric-resource-conditions-api-v1 2.3.11+239dafd8a0
	- fabric-resource-loader-v0 0.11.12+b1792f7da0
	- fabric-screen-handler-api-v1 1.3.44+b1792f7da0
	- fabric-transfer-api-v1 3.3.12+4944b5a5a0
	- fabric-transitive-access-wideners-v1 5.0.3+fce67b32a0
	- fabricloader 0.15.3
	   \-- mixinextras 0.3.2
	- java 17
	- minecraft 1.20.2
[21:04:18] [main/INFO] (FabricLoader/Mixin) SpongePowered MIXIN Subsystem Version=0.8.5 Source=file:/C:/Users/Administrator/.gradle/caches/modules-2/files-2.1/net.fabricmc/sponge-mixin/0.12.5+mixin.0.8.5/8d31fb97c3e0cd7c8dad3441851c523bcfae6d8e/sponge-mixin-0.12.5+mixin.0.8.5.jar Service=Knot/Fabric Env=SERVER
[21:04:18] [main/INFO] (FabricLoader/Mixin) Loaded Fabric development mappings for mixin remapper!
[21:04:18] [main/INFO] (FabricLoader/Mixin) Compatibility level set to JAVA_17
[21:04:19] [main/INFO] (FabricLoader/MixinExtras|Service) Initializing MixinExtras via com.llamalad7.mixinextras.service.MixinExtrasServiceImpl(version=0.3.2).
[21:04:33] [main/INFO] (fabric-networking-api-v1) Force Packet Serialization is enabled to mimic remote connection on single player, this is the default behaviour on dev env. Add -Dfabric-api.networking.force-packet-serialization=false JVM arg to disable it.
[21:04:33] [TISCM Mapping/INFO] (Carpet TIS Addition) Yarn mapping file yarn-1.20.2+build.4-v2.tiny loaded
[21:04:34] [main/INFO] (Minecraft) Environment: Environment[accountsHost=https://api.mojang.com, sessionHost=https://sessionserver.mojang.com, servicesHost=https://api.minecraftservices.com, name=PROD]
[21:04:36] [main/INFO] (Minecraft) Loaded 7 recipes
[21:04:37] [main/INFO] (Minecraft) Loaded 1271 advancements
[21:04:37] [main/INFO] (BiomeModificationImpl) Applied 0 biome modifications to 0 of 64 new biomes in 2.505 ms
[21:04:37] [Server thread/INFO] (Minecraft) Starting minecraft server version 1.20.2
[21:04:37] [Server thread/INFO] (Minecraft) Loading properties
[21:04:37] [Server thread/INFO] (Minecraft) Default game type: SURVIVAL
[21:04:37] [Server thread/INFO] (Minecraft) Generating keypair
[21:04:37] [Server thread/INFO] (Minecraft) Starting Minecraft server on *:25565
[21:04:38] [Server thread/INFO] (Minecraft) Using default channel type
[21:04:38] [Server thread/INFO] (Minecraft) Preparing level "world"
[21:04:38] [Server thread/ERROR] (carpet) [CM]: Carpet Mod Setting enderPearlChunkLoading is not a valid rule - ignoring...
[21:04:39] [Server thread/INFO] (Minecraft) Preparing start region for dimension minecraft:overworld
[21:04:40] [Worker-Main-3/INFO] (Minecraft) Preparing spawn area: 0%
[21:04:40] [Worker-Main-9/INFO] (Minecraft) Preparing spawn area: 0%
[21:04:40] [Worker-Main-9/INFO] (Minecraft) Preparing spawn area: 0%
[21:04:40] [Worker-Main-9/INFO] (Minecraft) Preparing spawn area: 0%
[21:04:41] [Worker-Main-9/INFO] (Minecraft) Preparing spawn area: 4%
[21:04:41] [Worker-Main-5/INFO] (Minecraft) Preparing spawn area: 97%
[21:04:41] [Server thread/INFO] (Minecraft) Time elapsed: 2553 ms
[21:04:41] [Server thread/INFO] (Minecraft) Done (3.151s)! For help, type "help"
